<?xml version="1.0" encoding="UTF-8"?>
<testng-results skipped="0" failed="0" ignored="0" total="1" passed="1">
  <reporter-output>
  </reporter-output>
  <suite name="Default suite" duration-ms="38170" started-at="2019-10-24T18:26:32Z" finished-at="2019-10-24T18:27:10Z">
    <groups>
    </groups>
    <test name="Default test" duration-ms="38170" started-at="2019-10-24T18:26:32Z" finished-at="2019-10-24T18:27:10Z">
      <class name="testCases.Demo3_PUT_request">
        <test-method status="PASS" signature="putBody()[pri:0, instance:testCases.Demo3_PUT_request@1bce4f0a]" name="putBody" is-config="true" duration-ms="7227" started-at="2019-10-24T18:26:33Z" finished-at="2019-10-24T18:26:40Z">
          <reporter-output>
          </reporter-output>
        </test-method> <!-- putBody -->
        <test-method status="PASS" signature="testPutRequest()[pri:0, instance:testCases.Demo3_PUT_request@1bce4f0a]" name="testPutRequest" duration-ms="29949" started-at="2019-10-24T18:26:40Z" finished-at="2019-10-24T18:27:10Z">
          <reporter-output>
          </reporter-output>
        </test-method> <!-- testPutRequest -->
      </class> <!-- testCases.Demo3_PUT_request -->
    </test> <!-- Default test -->
  </suite> <!-- Default suite -->
</testng-results>
